GNSSPP is trying to open: /home/anonyme/Téléchargements/tmp/anay3050.15o
File opened.. Starting processing
     2.10           
OBSERVATION DATA    
M (MIXED)           
teqc  2006Dec12     
Administrateur RGP  
20151102 01:30:53UTC
ANAY                                                        
19723M001           
Automatic           
EXAGONE                                 
1700875             
LEICA GR10          
1.10                
11411001            
LEIAS10         NONE
4.48396e+06
367206
4.50651e+06
0.072
0
0
1
1
Nombre des observables :8L1
L2
C1
P2
D1
D2
S1
S2
30

/home/anonyme/Téléchargements/tmp/anay3050.15o
File opened to read data OK
211
2
3
4
5
6
7
8
9
10
11
12
13
14
15
16
17
18
19
20
21

LINE        :68
G24G15G12G13G17G18G22G28G20G25R14R 5R15R 4R23R24R13R 6R 3
 108274623.152 9  84369853.433 8  20603971.204    20603970.984        1162.411

REMPLIR OBSERVATION POUR PRN:G24



REMPLIR OBSERVATION POUR L1:1.08275e+08



REMPLIR OBSERVATION POUR PRN:G24



REMPLIR OBSERVATION POUR L2:8.43699e+07




NOMBRE DE STATELLITES PARC:0


       905.775          50.750          48.500

REMPLIR OBSERVATION POUR PRN:G15



REMPLIR OBSERVATION POUR L1:905.775



REMPLIR OBSERVATION POUR PRN:G15



REMPLIR OBSERVATION POUR L2:50.75




NOMBRE DE STATELLITES PARC:1


 110533414.391 8  86129933.824 8  21033801.780    21033799.420       -1915.744

REMPLIR OBSERVATION POUR PRN:G12



REMPLIR OBSERVATION POUR L1:1.10533e+08



REMPLIR OBSERVATION POUR PRN:G12



REMPLIR OBSERVATION POUR L2:8.61299e+07




NOMBRE DE STATELLITES PARC:2


     -1492.785          50.000          48.000

REMPLIR OBSERVATION POUR PRN:G13



REMPLIR OBSERVATION POUR L1:-1492.79



REMPLIR OBSERVATION POUR PRN:G13



REMPLIR OBSERVATION POUR L2:50




NOMBRE DE STATELLITES PARC:3


 113376600.032 8  88345399.756 8  21574845.978    21574843.378        2733.426

REMPLIR OBSERVATION POUR PRN:G17



REMPLIR OBSERVATION POUR L1:1.13377e+08



REMPLIR OBSERVATION POUR PRN:G17



REMPLIR OBSERVATION POUR L2:8.83454e+07




NOMBRE DE STATELLITES PARC:4


      2129.939          48.500          45.250

REMPLIR OBSERVATION POUR PRN:G18



REMPLIR OBSERVATION POUR L1:2129.94



REMPLIR OBSERVATION POUR PRN:G18



REMPLIR OBSERVATION POUR L2:48.5




NOMBRE DE STATELLITES PARC:5


 119165766.526 8  92856458.508 7  22676483.650    22676481.430       -3377.080

REMPLIR OBSERVATION POUR PRN:G22



REMPLIR OBSERVATION POUR L1:1.19166e+08



REMPLIR OBSERVATION POUR PRN:G22



REMPLIR OBSERVATION POUR L2:9.28565e+07




NOMBRE DE STATELLITES PARC:6


     -2631.492          45.750          41.500

REMPLIR OBSERVATION POUR PRN:G28



REMPLIR OBSERVATION POUR L1:-2631.49



REMPLIR OBSERVATION POUR PRN:G28



REMPLIR OBSERVATION POUR L2:45.75




NOMBRE DE STATELLITES PARC:7


 119191594.557 8  92876565.631 7  22681401.510    22681399.110        -408.025

REMPLIR OBSERVATION POUR PRN:G20



REMPLIR OBSERVATION POUR L1:1.19192e+08



REMPLIR OBSERVATION POUR PRN:G20



REMPLIR OBSERVATION POUR L2:9.28766e+07




NOMBRE DE STATELLITES PARC:8


      -317.939          48.500          43.750

REMPLIR OBSERVATION POUR PRN:G25



REMPLIR OBSERVATION POUR L1:-317.939



REMPLIR OBSERVATION POUR PRN:G25



REMPLIR OBSERVATION POUR L2:48.5




NOMBRE DE STATELLITES PARC:9


 122489924.858 8  95446700.695 7  23309058.786    23309056.046        -928.126

REMPLIR OBSERVATION POUR PRN:R14



REMPLIR OBSERVATION POUR L1:1.2249e+08



REMPLIR OBSERVATION POUR PRN:R14



REMPLIR OBSERVATION POUR L2:9.54467e+07




NOMBRE DE STATELLITES PARC:10


      -723.212          46.000          39.000

REMPLIR OBSERVATION POUR PRN:R 5



REMPLIR OBSERVATION POUR L1:-723.212



REMPLIR OBSERVATION POUR PRN:R 5



REMPLIR OBSERVATION POUR L2:46




NOMBRE DE STATELLITES PARC:11


 127677274.211 8  99488778.879 6  24296177.798    24296172.898         842.508

REMPLIR OBSERVATION POUR PRN:R15



REMPLIR OBSERVATION POUR L1:1.27677e+08



REMPLIR OBSERVATION POUR PRN:R15



REMPLIR OBSERVATION POUR L2:9.94888e+07




NOMBRE DE STATELLITES PARC:12


       656.493          45.000          38.000

REMPLIR OBSERVATION POUR PRN:R 4



REMPLIR OBSERVATION POUR L1:656.493



REMPLIR OBSERVATION POUR PRN:R 4



REMPLIR OBSERVATION POUR L2:45




NOMBRE DE STATELLITES PARC:13


 129935465.409 7 101248430.880 6  24725884.876    24725882.136       -3120.656

REMPLIR OBSERVATION POUR PRN:R23



REMPLIR OBSERVATION POUR L1:1.29935e+08



REMPLIR OBSERVATION POUR PRN:R23



REMPLIR OBSERVATION POUR L2:1.01248e+08




NOMBRE DE STATELLITES PARC:14


     -2431.677          42.750          36.750

REMPLIR OBSERVATION POUR PRN:R24



REMPLIR OBSERVATION POUR L1:-2431.68



REMPLIR OBSERVATION POUR PRN:R24



REMPLIR OBSERVATION POUR L2:42.75




NOMBRE DE STATELLITES PARC:15


 131297505.346 7 102309742.382 6  24985080.994    24985078.654       -3228.195

REMPLIR OBSERVATION POUR PRN:R13



REMPLIR OBSERVATION POUR L1:1.31298e+08



REMPLIR OBSERVATION POUR PRN:R13



REMPLIR OBSERVATION POUR L2:1.0231e+08




NOMBRE DE STATELLITES PARC:16


     -2515.494          39.500          34.500

REMPLIR OBSERVATION POUR PRN:R 6



REMPLIR OBSERVATION POUR L1:-2515.49



REMPLIR OBSERVATION POUR PRN:R 6



REMPLIR OBSERVATION POUR L2:39.5




NOMBRE DE STATELLITES PARC:17


 131999938.243 7 102857098.326 6  25118753.294    25118754.114        3634.950

REMPLIR OBSERVATION POUR PRN:R 3



REMPLIR OBSERVATION POUR L1:1.32e+08



REMPLIR OBSERVATION POUR PRN:R 3



REMPLIR OBSERVATION POUR L2:1.02857e+08




NOMBRE DE STATELLITES PARC:18


J'ai trouvé :1 epochsFonction principale
